app/build/intermediates/manifest_merge_blame_file/debug/manifest-merger-blame-debug-report.txt
1<?xml version="1.0" encoding="utf-8"?>
2<manifest xmlns:android="http://schemas.android.com/apk/res/android"
3    package="com.example.appbanhang"
4    android:versionCode="1"
5    android:versionName="1.0" >
6
7    <uses-sdk
8        android:minSdkVersion="21"
8-->src\main\AndroidManifest.xml
9        android:targetSdkVersion="30" />
9-->src\main\AndroidManifest.xml
10
11    <uses-permission android:name="android.permission.ACCESS_NETWORK_STATE" />
11-->src\main\AndroidManifest.xml:4:5-79
11-->src\main\AndroidManifest.xml:4:22-76
12    <uses-permission android:name="android.permission.INTERNET" />
12-->src\main\AndroidManifest.xml:5:5-66
12-->src\main\AndroidManifest.xml:5:22-64
13    <uses-permission android:name="android.permission.CAMERA" />
13-->src\main\AndroidManifest.xml:6:5-64
13-->src\main\AndroidManifest.xml:6:22-62
14    <uses-permission android:name="android.permission.READ_EXTERNAL_STORAGE" />
14-->src\main\AndroidManifest.xml:7:5-79
14-->src\main\AndroidManifest.xml:7:22-77
15    <uses-permission android:name="android.permission.WRITE_EXTERNAL_STORAGE" />
15-->src\main\AndroidManifest.xml:8:5-80
15-->src\main\AndroidManifest.xml:8:22-78
16
17    <application
17-->src\main\AndroidManifest.xml:9:5-55:19
18        android:allowBackup="true"
18-->src\main\AndroidManifest.xml:10:9-35
19        android:appComponentFactory="androidx.core.app.CoreComponentFactory"
19-->[androidx.core:core:1.5.0] AndroidManifest.xml:24:18-86
20        android:debuggable="true"
21        android:icon="@mipmap/ic_launcher"
21-->src\main\AndroidManifest.xml:11:9-43
22        android:label="@string/app_name"
22-->src\main\AndroidManifest.xml:12:9-41
23        android:roundIcon="@mipmap/ic_launcher_round"
23-->src\main\AndroidManifest.xml:13:9-54
24        android:supportsRtl="true"
24-->src\main\AndroidManifest.xml:14:9-35
25        android:testOnly="true"
26        android:theme="@style/Theme.AppBanHang" >
26-->src\main\AndroidManifest.xml:15:9-48
27        <activity android:name="com.example.appbanhang.WellComeApp" >
27-->src\main\AndroidManifest.xml:16:9-22:20
27-->src\main\AndroidManifest.xml:16:19-46
28            <intent-filter>
28-->src\main\AndroidManifest.xml:17:13-20:29
29                <action android:name="android.intent.action.MAIN" />
29-->src\main\AndroidManifest.xml:18:17-69
29-->src\main\AndroidManifest.xml:18:25-66
30
31                <category android:name="android.intent.category.LAUNCHER" />
31-->src\main\AndroidManifest.xml:19:17-77
31-->src\main\AndroidManifest.xml:19:27-74
32            </intent-filter>
33        </activity>
34        <activity android:name="com.example.appbanhang.MainActivity" />
34-->src\main\AndroidManifest.xml:23:9-50
34-->src\main\AndroidManifest.xml:23:19-47
35        <activity android:name="com.example.appbanhang.FormDNDK" />
35-->src\main\AndroidManifest.xml:24:9-46
35-->src\main\AndroidManifest.xml:24:19-43
36        <activity android:name="com.example.appbanhang.SeachView" />
36-->src\main\AndroidManifest.xml:25:9-47
36-->src\main\AndroidManifest.xml:25:19-44
37        <activity android:name="com.example.appbanhang.SanPhamPage" />
37-->src\main\AndroidManifest.xml:26:9-49
37-->src\main\AndroidManifest.xml:26:19-46
38        <activity android:name="com.example.appbanhang.chiTietSanPham" />
38-->src\main\AndroidManifest.xml:27:9-52
38-->src\main\AndroidManifest.xml:27:19-49
39        <activity android:name="com.example.appbanhang.FormTTCN" />
39-->src\main\AndroidManifest.xml:28:9-46
39-->src\main\AndroidManifest.xml:28:19-43
40        <activity android:name="com.example.appbanhang.LSTC" />
40-->src\main\AndroidManifest.xml:29:9-41
40-->src\main\AndroidManifest.xml:29:19-39
41        <activity android:name="com.example.appbanhang.QLND" />
41-->src\main\AndroidManifest.xml:30:9-41
41-->src\main\AndroidManifest.xml:30:19-39
42        <activity android:name="com.example.appbanhang.chiTietUser" />
42-->src\main\AndroidManifest.xml:31:9-48
42-->src\main\AndroidManifest.xml:31:19-46
43        <activity android:name="com.example.appbanhang.donMua" />
43-->src\main\AndroidManifest.xml:32:9-43
43-->src\main\AndroidManifest.xml:32:19-41
44        <activity android:name="com.example.appbanhang.QLDH" />
44-->src\main\AndroidManifest.xml:33:9-41
44-->src\main\AndroidManifest.xml:33:19-39
45        <activity android:name="com.example.appbanhang.CTHoaDon" />
45-->src\main\AndroidManifest.xml:34:9-45
45-->src\main\AndroidManifest.xml:34:19-43
46        <activity android:name="com.example.appbanhang.activity_capnhat" />
46-->src\main\AndroidManifest.xml:35:9-53
46-->src\main\AndroidManifest.xml:35:19-51
47        <activity android:name="com.example.appbanhang.activity_capnhatsanpham" />
47-->src\main\AndroidManifest.xml:36:9-60
47-->src\main\AndroidManifest.xml:36:19-58
48        <activity android:name="com.example.appbanhang.Activity_ThemSP" />
48-->src\main\AndroidManifest.xml:37:9-52
48-->src\main\AndroidManifest.xml:37:19-50
49        <activity android:name="com.example.appbanhang.activity_capnhatthuonghieu" />
49-->src\main\AndroidManifest.xml:38:9-63
49-->src\main\AndroidManifest.xml:38:19-61
50        <activity android:name="com.example.appbanhang.CTHoaDon_admin" />
50-->src\main\AndroidManifest.xml:39:9-51
50-->src\main\AndroidManifest.xml:39:19-49
51        <activity android:name="com.example.appbanhang.ThongKe" />
51-->src\main\AndroidManifest.xml:40:9-44
51-->src\main\AndroidManifest.xml:40:19-42
52        <activity android:name="com.example.appbanhang.TTLH" />
52-->src\main\AndroidManifest.xml:41:9-41
52-->src\main\AndroidManifest.xml:41:19-39
53        <activity android:name="com.example.appbanhang.Quen_MK" />
53-->src\main\AndroidManifest.xml:42:9-44
53-->src\main\AndroidManifest.xml:42:19-42
54
55        <provider
55-->src\main\AndroidManifest.xml:43:9-51:20
56            android:name="androidx.core.content.FileProvider"
56-->src\main\AndroidManifest.xml:44:13-62
57            android:authorities="net.smallacademy.android.fileprovider"
57-->src\main\AndroidManifest.xml:45:13-72
58            android:exported="false"
58-->src\main\AndroidManifest.xml:46:13-37
59            android:grantUriPermissions="true" >
59-->src\main\AndroidManifest.xml:47:13-47
60            <meta-data
60-->src\main\AndroidManifest.xml:48:13-50:53
61                android:name="android.support.FILE_PROVIDER_PATHS"
61-->src\main\AndroidManifest.xml:49:17-67
62                android:resource="@xml/file_paths" />
62-->src\main\AndroidManifest.xml:50:17-51
63        </provider>
64
65        <meta-data
65-->src\main\AndroidManifest.xml:52:9-54:57
66            android:name="preloaded_fonts"
66-->src\main\AndroidManifest.xml:53:13-43
67            android:resource="@array/preloaded_fonts" />
67-->src\main\AndroidManifest.xml:54:13-54
68
69        <service
69-->[com.google.firebase:firebase-database:20.0.2] AndroidManifest.xml:29:9-35:19
70            android:name="com.google.firebase.components.ComponentDiscoveryService"
70-->[com.google.firebase:firebase-database:20.0.2] AndroidManifest.xml:30:13-84
71            android:directBootAware="true"
71-->[com.google.firebase:firebase-common:20.0.0] AndroidManifest.xml:35:13-43
72            android:exported="false" >
72-->[com.google.firebase:firebase-database:20.0.2] AndroidManifest.xml:31:13-37
73            <meta-data
73-->[com.google.firebase:firebase-database:20.0.2] AndroidManifest.xml:32:13-34:85
74                android:name="com.google.firebase.components:com.google.firebase.database.DatabaseRegistrar"
74-->[com.google.firebase:firebase-database:20.0.2] AndroidManifest.xml:33:17-109
75                android:value="com.google.firebase.components.ComponentRegistrar" />
75-->[com.google.firebase:firebase-database:20.0.2] AndroidManifest.xml:34:17-82
76            <meta-data
76-->[com.google.firebase:firebase-storage:20.0.0] AndroidManifest.xml:33:13-35:85
77                android:name="com.google.firebase.components:com.google.firebase.storage.StorageRegistrar"
77-->[com.google.firebase:firebase-storage:20.0.0] AndroidManifest.xml:34:17-107
78                android:value="com.google.firebase.components.ComponentRegistrar" />
78-->[com.google.firebase:firebase-storage:20.0.0] AndroidManifest.xml:35:17-82
79        </service>
80
81        <provider
81-->[com.google.firebase:firebase-common:20.0.0] AndroidManifest.xml:26:9-31:39
82            android:name="com.google.firebase.provider.FirebaseInitProvider"
82-->[com.google.firebase:firebase-common:20.0.0] AndroidManifest.xml:27:13-77
83            android:authorities="com.example.appbanhang.firebaseinitprovider"
83-->[com.google.firebase:firebase-common:20.0.0] AndroidManifest.xml:28:13-72
84            android:directBootAware="true"
84-->[com.google.firebase:firebase-common:20.0.0] AndroidManifest.xml:29:13-43
85            android:exported="false"
85-->[com.google.firebase:firebase-common:20.0.0] AndroidManifest.xml:30:13-37
86            android:initOrder="100" />
86-->[com.google.firebase:firebase-common:20.0.0] AndroidManifest.xml:31:13-36
87
88        <activity
88-->[com.google.android.gms:play-services-base:17.1.0] AndroidManifest.xml:23:9-26:75
89            android:name="com.google.android.gms.common.api.GoogleApiActivity"
89-->[com.google.android.gms:play-services-base:17.1.0] AndroidManifest.xml:24:13-79
90            android:exported="false"
90-->[com.google.android.gms:play-services-base:17.1.0] AndroidManifest.xml:25:13-37
91            android:theme="@android:style/Theme.Translucent.NoTitleBar" />
91-->[com.google.android.gms:play-services-base:17.1.0] AndroidManifest.xml:26:13-72
92
93        <meta-data
93-->[com.google.android.gms:play-services-basement:17.0.0] AndroidManifest.xml:23:9-25:69
94            android:name="com.google.android.gms.version"
94-->[com.google.android.gms:play-services-basement:17.0.0] AndroidManifest.xml:24:13-58
95            android:value="@integer/google_play_services_version" />
95-->[com.google.android.gms:play-services-basement:17.0.0] AndroidManifest.xml:25:13-66
96    </application>
97
98</manifest>